2022-07-01 11:04:53 info: =================================
2022-07-01 11:04:53 info: ======= ENV: development =======
2022-07-01 11:04:53 info: 🚀 App listening on the port 8000
2022-07-01 11:04:53 info: =================================
2022-07-01 11:39:20 info: [0mOPTIONS /register [32m204[0m 1.756 ms - 0[0m
2022-07-01 11:39:20 info: [0mPOST /register [33m404[0m 19.705 ms - 148[0m
2022-07-01 11:39:40 info: [0mOPTIONS /register [32m204[0m 0.338 ms - 0[0m
2022-07-01 11:39:40 info: [0mPOST /register [33m404[0m 2.770 ms - 148[0m
2022-07-01 11:39:48 info: [0mOPTIONS /signup [32m204[0m 0.593 ms - 0[0m
2022-07-01 11:39:48 error: [POST] /signup >> StatusCode:: 400, Message:: property name should not exist
2022-07-01 11:39:48 info: [0mPOST /signup [33m400[0m 15.724 ms - 44[0m
2022-07-01 11:40:39 info: =================================
2022-07-01 11:40:39 info: ======= ENV: development =======
2022-07-01 11:40:39 info: 🚀 App listening on the port 8000
2022-07-01 11:40:39 info: =================================
2022-07-01 11:40:52 info: =================================
2022-07-01 11:40:52 info: ======= ENV: development =======
2022-07-01 11:40:52 info: 🚀 App listening on the port 8000
2022-07-01 11:40:52 info: =================================
2022-07-01 11:41:03 info: =================================
2022-07-01 11:41:03 info: ======= ENV: development =======
2022-07-01 11:41:03 info: 🚀 App listening on the port 8000
2022-07-01 11:41:03 info: =================================
2022-07-01 11:41:11 info: =================================
2022-07-01 11:41:11 info: ======= ENV: development =======
2022-07-01 11:41:11 info: 🚀 App listening on the port 8000
2022-07-01 11:41:11 info: =================================
2022-07-01 11:41:15 info: =================================
2022-07-01 11:41:15 info: ======= ENV: development =======
2022-07-01 11:41:15 info: 🚀 App listening on the port 8000
2022-07-01 11:41:15 info: =================================
2022-07-01 11:43:48 info: =================================
2022-07-01 11:43:48 info: ======= ENV: development =======
2022-07-01 11:43:48 info: 🚀 App listening on the port 8000
2022-07-01 11:43:48 info: =================================
2022-07-01 11:43:56 info: =================================
2022-07-01 11:43:56 info: ======= ENV: development =======
2022-07-01 11:43:56 info: 🚀 App listening on the port 8000
2022-07-01 11:43:56 info: =================================
2022-07-01 11:44:16 info: [0mOPTIONS /login [32m204[0m 1.454 ms - 0[0m
2022-07-01 11:44:16 info: [0mPOST /login [32m200[0m 78.300 ms - 243[0m
2022-07-01 11:44:28 info: [0mOPTIONS /signup [32m204[0m 0.315 ms - 0[0m
2022-07-01 11:44:28 error: [POST] /signup >> StatusCode:: 409, Message:: You're email a@gmail.com already exists
2022-07-01 11:44:28 info: [0mPOST /signup [33m409[0m 9.115 ms - 53[0m
2022-07-01 11:44:35 info: [0mOPTIONS /signup [32m204[0m 0.274 ms - 0[0m
2022-07-01 11:44:35 info: [0mPOST /signup [32m201[0m 83.733 ms - 265[0m
2022-07-01 11:44:52 info: [0mOPTIONS /login [32m204[0m 0.383 ms - 0[0m
2022-07-01 11:44:52 info: [0mPOST /login [32m200[0m 55.206 ms - 264[0m
2022-07-01 13:25:27 info: =================================
2022-07-01 13:25:27 info: ======= ENV: development =======
2022-07-01 13:25:27 info: 🚀 App listening on the port 8000
2022-07-01 13:25:27 info: =================================
2022-07-01 13:26:52 info: =================================
2022-07-01 13:26:52 info: ======= ENV: development =======
2022-07-01 13:26:52 info: 🚀 App listening on the port 8000
2022-07-01 13:26:52 info: =================================
2022-07-01 13:26:59 info: =================================
2022-07-01 13:26:59 info: ======= ENV: development =======
2022-07-01 13:26:59 info: 🚀 App listening on the port 8000
2022-07-01 13:26:59 info: =================================
2022-07-01 13:27:46 info: [0mGET /static/ [33m404[0m 7.563 ms - 146[0m
2022-07-01 13:27:59 info: =================================
2022-07-01 13:27:59 info: ======= ENV: development =======
2022-07-01 13:27:59 info: 🚀 App listening on the port 8000
2022-07-01 13:27:59 info: =================================
2022-07-01 13:28:04 info: [0mGET /public/ [33m404[0m 7.857 ms - 146[0m
2022-07-01 13:28:21 info: [0mGET /public/ [33m404[0m 4.291 ms - 146[0m
2022-07-01 13:28:22 info: [0mGET /public/test.md [32m200[0m 7.257 ms - 10[0m
2022-07-01 13:28:23 info: [0mGET /favicon.ico [33m404[0m 0.654 ms - 150[0m
2022-07-01 13:30:33 info: =================================
2022-07-01 13:30:33 info: ======= ENV: development =======
2022-07-01 13:30:33 info: 🚀 App listening on the port 8000
2022-07-01 13:30:33 info: =================================
2022-07-01 13:32:30 info: =================================
2022-07-01 13:32:30 info: ======= ENV: development =======
2022-07-01 13:32:30 info: 🚀 App listening on the port 8000
2022-07-01 13:32:30 info: =================================
2022-07-01 13:32:34 info: =================================
2022-07-01 13:32:34 info: ======= ENV: development =======
2022-07-01 13:32:34 info: 🚀 App listening on the port 8000
2022-07-01 13:32:34 info: =================================
2022-07-01 13:32:40 info: =================================
2022-07-01 13:32:40 info: ======= ENV: development =======
2022-07-01 13:32:40 info: 🚀 App listening on the port 8000
2022-07-01 13:32:40 info: =================================
2022-07-01 13:32:42 info: =================================
2022-07-01 13:32:42 info: ======= ENV: development =======
2022-07-01 13:32:42 info: 🚀 App listening on the port 8000
2022-07-01 13:32:42 info: =================================
2022-07-01 13:32:46 info: =================================
2022-07-01 13:32:46 info: ======= ENV: development =======
2022-07-01 13:32:46 info: 🚀 App listening on the port 8000
2022-07-01 13:32:46 info: =================================
2022-07-01 13:35:08 info: =================================
2022-07-01 13:35:08 info: ======= ENV: development =======
2022-07-01 13:35:08 info: 🚀 App listening on the port 8000
2022-07-01 13:35:08 info: =================================
2022-07-01 13:35:34 info: =================================
2022-07-01 13:35:34 info: ======= ENV: development =======
2022-07-01 13:35:34 info: 🚀 App listening on the port 8000
2022-07-01 13:35:35 info: =================================
2022-07-01 13:35:53 info: =================================
2022-07-01 13:35:53 info: ======= ENV: development =======
2022-07-01 13:35:53 info: 🚀 App listening on the port 8000
2022-07-01 13:35:53 info: =================================
2022-07-01 13:36:14 info: =================================
2022-07-01 13:36:14 info: ======= ENV: development =======
2022-07-01 13:36:14 info: 🚀 App listening on the port 8000
2022-07-01 13:36:14 info: =================================
2022-07-01 13:40:46 info: =================================
2022-07-01 13:40:46 info: ======= ENV: development =======
2022-07-01 13:40:46 info: 🚀 App listening on the port 8000
2022-07-01 13:40:46 info: =================================
2022-07-01 13:42:06 info: =================================
2022-07-01 13:42:06 info: ======= ENV: development =======
2022-07-01 13:42:06 info: 🚀 App listening on the port 8000
2022-07-01 13:42:06 info: =================================
2022-07-01 13:42:40 info: =================================
2022-07-01 13:42:40 info: ======= ENV: development =======
2022-07-01 13:42:40 info: 🚀 App listening on the port 8000
2022-07-01 13:42:40 info: =================================
2022-07-01 13:42:53 info: =================================
2022-07-01 13:42:53 info: ======= ENV: development =======
2022-07-01 13:42:53 info: 🚀 App listening on the port 8000
2022-07-01 13:42:53 info: =================================
2022-07-01 13:42:55 info: =================================
2022-07-01 13:42:55 info: ======= ENV: development =======
2022-07-01 13:42:55 info: 🚀 App listening on the port 8000
2022-07-01 13:42:55 info: =================================
2022-07-01 13:45:11 info: [0mGET /user/me [33m404[0m 4.966 ms - 146[0m
2022-07-01 13:45:37 error: [GET] /users/me >> StatusCode:: 404, Message:: Authentication token missing
2022-07-01 13:45:37 info: [0mGET /users/me [33m404[0m 3.832 ms - 42[0m
2022-07-01 13:45:54 info: [0mOPTIONS /signup [32m204[0m 0.882 ms - 0[0m
2022-07-01 13:45:54 info: [0mPOST /signup [32m201[0m 104.271 ms - 265[0m
2022-07-01 13:46:05 info: [0mOPTIONS /login [32m204[0m 0.156 ms - 0[0m
2022-07-01 13:46:05 info: [0mPOST /login [32m200[0m 67.930 ms - 264[0m
2022-07-01 13:46:18 error: [GET] /users/me >> StatusCode:: 404, Message:: Authentication token missing
2022-07-01 13:46:18 info: [0mGET /users/me [33m404[0m 2.070 ms - 42[0m
2022-07-01 13:47:54 info: [0mOPTIONS /login [32m204[0m 0.356 ms - 0[0m
2022-07-01 13:47:54 info: [0mPOST /login [32m200[0m 59.589 ms - 243[0m
2022-07-01 13:47:54 error: [GET] /users/me >> StatusCode:: 404, Message:: Authentication token missing
2022-07-01 13:47:54 info: [0mGET /users/me [33m404[0m 3.477 ms - 42[0m
2022-07-01 13:50:03 info: =================================
2022-07-01 13:50:03 info: ======= ENV: development =======
2022-07-01 13:50:03 info: 🚀 App listening on the port 8000
2022-07-01 13:50:03 info: =================================
2022-07-01 13:50:34 error: [GET] /users/me >> StatusCode:: 404, Message:: Authentication token missing
2022-07-01 13:50:34 info: [0mGET /users/me [33m404[0m 8.180 ms - 42[0m
2022-07-01 13:50:46 info: [0mOPTIONS /login [32m204[0m 0.764 ms - 0[0m
2022-07-01 13:50:46 info: [0mPOST /login [32m200[0m 91.956 ms - 264[0m
2022-07-01 13:50:46 error: [GET] /users/me >> StatusCode:: 404, Message:: Authentication token missing
2022-07-01 13:50:46 info: [0mGET /users/me [33m404[0m 4.142 ms - 42[0m
2022-07-01 13:51:39 error: [GET] /users/me >> StatusCode:: 404, Message:: Authentication token missing
2022-07-01 13:51:39 info: [0mGET /users/me [33m404[0m 1.942 ms - 42[0m
2022-07-01 13:51:44 info: [0mOPTIONS /login [32m204[0m 0.704 ms - 0[0m
2022-07-01 13:51:44 info: [0mPOST /login [32m200[0m 66.034 ms - 264[0m
2022-07-01 13:55:53 error: [GET] /users/me >> StatusCode:: 404, Message:: Authentication token missing
2022-07-01 13:55:53 info: [0mGET /users/me [33m404[0m 1.893 ms - 42[0m
2022-07-01 13:55:56 error: [GET] /users/me >> StatusCode:: 404, Message:: Authentication token missing
2022-07-01 13:55:56 info: [0mGET /users/me [33m404[0m 1.296 ms - 42[0m
2022-07-01 13:55:58 error: [GET] /users/me >> StatusCode:: 404, Message:: Authentication token missing
2022-07-01 13:55:58 info: [0mGET /users/me [33m404[0m 2.192 ms - 42[0m
2022-07-01 13:56:02 info: [0mOPTIONS /login [32m204[0m 0.173 ms - 0[0m
2022-07-01 13:56:02 error: [GET] /users/me >> StatusCode:: 404, Message:: Authentication token missing
2022-07-01 13:56:02 info: [0mGET /users/me [33m404[0m 2.686 ms - 42[0m
2022-07-01 13:57:49 error: [GET] /users/me >> StatusCode:: 404, Message:: Authentication token missing
2022-07-01 13:57:49 info: [0mGET /users/me [33m404[0m 1.607 ms - 42[0m
2022-07-01 13:57:50 error: [GET] /users/me >> StatusCode:: 404, Message:: Authentication token missing
2022-07-01 13:57:50 info: [0mGET /users/me [33m404[0m 4.381 ms - 42[0m
2022-07-01 13:57:57 info: [0mOPTIONS /login [32m204[0m 0.215 ms - 0[0m
2022-07-01 13:57:57 error: [GET] /users/me >> StatusCode:: 404, Message:: Authentication token missing
2022-07-01 13:57:57 info: [0mGET /users/me [33m404[0m 2.344 ms - 42[0m
2022-07-01 13:58:20 info: =================================
2022-07-01 13:58:20 info: ======= ENV: development =======
2022-07-01 13:58:20 info: 🚀 App listening on the port 8000
2022-07-01 13:58:20 info: =================================
2022-07-01 13:58:34 info: [0mOPTIONS /login [32m204[0m 2.117 ms - 0[0m
2022-07-01 13:58:34 error: [GET] /users/me >> StatusCode:: 404, Message:: Authentication token missing
2022-07-01 13:58:34 info: [0mGET /users/me [33m404[0m 12.356 ms - 42[0m
2022-07-01 14:00:09 info: =================================
2022-07-01 14:00:09 info: ======= ENV: development =======
2022-07-01 14:00:09 info: 🚀 App listening on the port 8000
2022-07-01 14:00:09 info: =================================
2022-07-01 14:00:30 info: =================================
2022-07-01 14:00:30 info: ======= ENV: development =======
2022-07-01 14:00:30 info: 🚀 App listening on the port 8000
2022-07-01 14:00:30 info: =================================
2022-07-01 14:00:34 info: [0mOPTIONS /login [32m204[0m 1.529 ms - 0[0m
2022-07-01 14:00:34 error: [GET] /users/me >> StatusCode:: 404, Message:: Authentication token missing
2022-07-01 14:00:34 info: [0mGET /users/me [33m404[0m 10.246 ms - 42[0m
2022-07-01 14:01:23 info: =================================
2022-07-01 14:01:23 info: ======= ENV: development =======
2022-07-01 14:01:23 info: 🚀 App listening on the port 8000
2022-07-01 14:01:23 info: =================================
2022-07-01 14:01:34 error: [GET] /users/me >> StatusCode:: 404, Message:: Authentication token missing
2022-07-01 14:01:34 info: [0mGET /users/me [33m404[0m 5.967 ms - 42[0m
2022-07-01 14:01:40 info: [0mOPTIONS /login [32m204[0m 0.322 ms - 0[0m
2022-07-01 14:01:40 error: [GET] /users/me >> StatusCode:: 404, Message:: Authentication token missing
2022-07-01 14:01:40 info: [0mGET /users/me [33m404[0m 2.923 ms - 42[0m
2022-07-01 14:01:54 info: =================================
2022-07-01 14:01:54 info: ======= ENV: development =======
2022-07-01 14:01:54 info: 🚀 App listening on the port 8000
2022-07-01 14:01:54 info: =================================
2022-07-01 14:02:01 info: [0mOPTIONS /login [32m204[0m 0.801 ms - 0[0m
2022-07-01 14:02:01 error: [GET] /users/me >> StatusCode:: 404, Message:: Authentication token missing
2022-07-01 14:02:01 info: [0mGET /users/me [33m404[0m 5.535 ms - 42[0m
2022-07-01 14:02:15 error: [GET] /users/me >> StatusCode:: 404, Message:: Authentication token missing
2022-07-01 14:02:15 info: [0mGET /users/me [33m404[0m 1.457 ms - 42[0m
2022-07-01 14:02:18 error: [GET] /users/me >> StatusCode:: 404, Message:: Authentication token missing
2022-07-01 14:02:18 info: [0mGET /users/me [33m404[0m 1.503 ms - 42[0m
2022-07-01 14:02:22 info: [0mOPTIONS /login [32m204[0m 0.257 ms - 0[0m
2022-07-01 14:02:22 info: [0mPOST /login [32m200[0m 81.664 ms - 243[0m
2022-07-01 14:02:22 error: [GET] /users/me >> StatusCode:: 404, Message:: Authentication token missing
2022-07-01 14:02:22 info: [0mGET /users/me [33m404[0m 2.356 ms - 42[0m
2022-07-01 14:02:48 error: [GET] /users/me >> StatusCode:: 404, Message:: Authentication token missing
2022-07-01 14:02:48 info: [0mGET /users/me [33m404[0m 2.099 ms - 42[0m
2022-07-01 14:02:50 error: [GET] /users/me >> StatusCode:: 404, Message:: Authentication token missing
2022-07-01 14:02:50 info: [0mGET /users/me [33m404[0m 0.742 ms - 42[0m
2022-07-01 14:02:53 info: [0mOPTIONS /login [32m204[0m 0.269 ms - 0[0m
2022-07-01 14:02:53 info: [0mPOST /login [32m200[0m 53.679 ms - 243[0m
2022-07-01 14:02:54 info: [0mGET /users/me [32m200[0m 7.192 ms - 245[0m
2022-07-01 15:42:45 info: [0mGET /users/me [36m304[0m 6.547 ms - -[0m
2022-07-01 15:43:11 info: [0mGET /users/me [36m304[0m 4.590 ms - -[0m
2022-07-01 15:44:01 info: =================================
2022-07-01 15:44:01 info: ======= ENV: development =======
2022-07-01 15:44:01 info: 🚀 App listening on the port 8000
2022-07-01 15:44:01 info: =================================
2022-07-01 15:44:06 info: [0mGET /users/me [36m304[0m 21.765 ms - -[0m
2022-07-01 15:44:15 info: [0mOPTIONS /login [32m204[0m 0.420 ms - 0[0m
2022-07-01 15:44:15 info: [0mPOST /login [32m200[0m 73.815 ms - 264[0m
2022-07-01 15:44:18 info: [0mGET /users/me [32m200[0m 6.998 ms - 266[0m
2022-07-01 15:45:01 info: [0mOPTIONS /signup [32m204[0m 0.173 ms - 0[0m
2022-07-01 15:45:01 info: [0mPOST /signup [32m201[0m 68.482 ms - 290[0m
2022-07-01 15:45:06 info: [0mOPTIONS /login [32m204[0m 0.211 ms - 0[0m
2022-07-01 15:45:07 info: [0mPOST /login [32m200[0m 62.674 ms - 289[0m
2022-07-01 15:45:11 info: [0mGET /users/me [32m200[0m 3.947 ms - 291[0m
2022-07-01 15:47:28 info: [0mGET /users/me [36m304[0m 3.530 ms - -[0m
2022-07-01 15:47:28 info: [0mGET /users/me [36m304[0m 3.282 ms - -[0m
2022-07-01 15:47:45 info: [0mGET /users/me [36m304[0m 2.347 ms - -[0m
2022-07-01 15:49:14 info: [0mGET /users/me [36m304[0m 3.901 ms - -[0m
2022-07-01 15:49:26 info: [0mGET /users/me [36m304[0m 4.154 ms - -[0m
2022-07-01 15:58:15 info: [0mGET /users/me [36m304[0m 5.012 ms - -[0m
2022-07-01 15:58:46 info: [0mGET /users/me [36m304[0m 5.114 ms - -[0m
2022-07-01 15:58:52 info: [0mGET /users/me [36m304[0m 3.483 ms - -[0m
2022-07-01 15:59:06 error: [GET] /users/me >> StatusCode:: 404, Message:: Authentication token missing
2022-07-01 15:59:06 info: [0mGET /users/me [33m404[0m 2.135 ms - 42[0m
2022-07-01 15:59:07 error: [GET] /users/me >> StatusCode:: 404, Message:: Authentication token missing
2022-07-01 15:59:07 info: [0mGET /users/me [33m404[0m 1.023 ms - 42[0m
2022-07-01 15:59:09 error: [GET] /users/me >> StatusCode:: 404, Message:: Authentication token missing
2022-07-01 15:59:09 info: [0mGET /users/me [33m404[0m 1.513 ms - 42[0m
2022-07-01 15:59:27 error: [GET] /users/me >> StatusCode:: 404, Message:: Authentication token missing
2022-07-01 15:59:27 info: [0mGET /users/me [33m404[0m 0.954 ms - 42[0m
2022-07-01 15:59:36 error: [GET] /users/me >> StatusCode:: 404, Message:: Authentication token missing
2022-07-01 15:59:36 info: [0mGET /users/me [33m404[0m 1.044 ms - 42[0m
2022-07-01 15:59:39 error: [GET] /users/me >> StatusCode:: 404, Message:: Authentication token missing
2022-07-01 15:59:39 info: [0mGET /users/me [33m404[0m 1.282 ms - 42[0m
2022-07-01 16:00:16 error: [GET] /users/me >> StatusCode:: 404, Message:: Authentication token missing
2022-07-01 16:00:16 info: [0mGET /users/me [33m404[0m 1.550 ms - 42[0m
2022-07-01 16:05:03 error: [GET] /users/me >> StatusCode:: 404, Message:: Authentication token missing
2022-07-01 16:05:03 info: [0mGET /users/me [33m404[0m 1.017 ms - 42[0m
2022-07-01 16:05:20 error: [GET] /users/me >> StatusCode:: 404, Message:: Authentication token missing
2022-07-01 16:05:20 info: [0mGET /users/me [33m404[0m 0.940 ms - 42[0m
2022-07-01 16:08:02 error: [GET] /users/me >> StatusCode:: 404, Message:: Authentication token missing
2022-07-01 16:08:02 info: [0mGET /users/me [33m404[0m 0.823 ms - 42[0m
2022-07-01 16:09:00 error: [GET] /users/me >> StatusCode:: 404, Message:: Authentication token missing
2022-07-01 16:09:00 info: [0mGET /users/me [33m404[0m 1.646 ms - 42[0m
2022-07-01 16:09:30 error: [GET] /users/me >> StatusCode:: 404, Message:: Authentication token missing
2022-07-01 16:09:30 info: [0mGET /users/me [33m404[0m 0.955 ms - 42[0m
2022-07-01 16:09:33 error: [GET] /users/me >> StatusCode:: 404, Message:: Authentication token missing
2022-07-01 16:09:33 info: [0mGET /users/me [33m404[0m 1.250 ms - 42[0m
2022-07-01 16:09:35 error: [GET] /users/me >> StatusCode:: 404, Message:: Authentication token missing
2022-07-01 16:09:35 info: [0mGET /users/me [33m404[0m 2.191 ms - 42[0m
2022-07-01 16:09:47 info: [0mOPTIONS /login [32m204[0m 0.248 ms - 0[0m
2022-07-01 16:09:47 error: [POST] /login >> StatusCode:: 409, Message:: You're email d@gmail.com not found
2022-07-01 16:09:47 info: [0mPOST /login [33m409[0m 4.217 ms - 48[0m
2022-07-01 16:09:52 error: [POST] /login >> StatusCode:: 409, Message:: You're password not matching
2022-07-01 16:09:52 info: [0mPOST /login [33m409[0m 64.817 ms - 42[0m
2022-07-01 16:10:06 info: [0mOPTIONS /signup [32m204[0m 0.214 ms - 0[0m
2022-07-01 16:10:06 info: [0mPOST /signup [32m201[0m 71.219 ms - 289[0m
2022-07-01 16:10:10 info: [0mOPTIONS /login [32m204[0m 0.216 ms - 0[0m
2022-07-01 16:10:10 info: [0mPOST /login [32m200[0m 61.572 ms - 288[0m
2022-07-01 16:10:51 info: [0mGET /users/me [32m200[0m 4.762 ms - 290[0m
2022-07-01 16:10:56 info: [0mGET /users/me [36m304[0m 3.848 ms - -[0m
2022-07-01 16:11:00 error: [GET] /users/me >> StatusCode:: 404, Message:: Authentication token missing
2022-07-01 16:11:00 info: [0mGET /users/me [33m404[0m 1.229 ms - 42[0m
2022-07-01 16:11:06 error: [GET] /users/me >> StatusCode:: 404, Message:: Authentication token missing
2022-07-01 16:11:06 info: [0mGET /users/me [33m404[0m 1.461 ms - 42[0m
2022-07-01 16:11:09 error: [GET] /users/me >> StatusCode:: 404, Message:: Authentication token missing
2022-07-01 16:11:09 info: [0mGET /users/me [33m404[0m 1.614 ms - 42[0m
2022-07-01 16:11:29 error: [GET] /users/me >> StatusCode:: 404, Message:: Authentication token missing
2022-07-01 16:11:29 info: [0mGET /users/me [33m404[0m 1.422 ms - 42[0m
2022-07-01 16:11:44 error: [GET] /users/me >> StatusCode:: 404, Message:: Authentication token missing
2022-07-01 16:11:44 info: [0mGET /users/me [33m404[0m 1.439 ms - 42[0m
2022-07-01 16:12:05 error: [GET] /users/me >> StatusCode:: 404, Message:: Authentication token missing
2022-07-01 16:12:05 info: [0mGET /users/me [33m404[0m 1.792 ms - 42[0m
2022-07-01 16:12:10 error: [GET] /users/me >> StatusCode:: 404, Message:: Authentication token missing
2022-07-01 16:12:10 info: [0mGET /users/me [33m404[0m 0.905 ms - 42[0m
2022-07-01 16:12:14 error: [GET] /users/me >> StatusCode:: 404, Message:: Authentication token missing
2022-07-01 16:12:14 info: [0mGET /users/me [33m404[0m 1.077 ms - 42[0m
2022-07-01 16:12:25 error: [GET] /users/me >> StatusCode:: 404, Message:: Authentication token missing
2022-07-01 16:12:25 info: [0mGET /users/me [33m404[0m 0.827 ms - 42[0m
2022-07-01 16:12:28 error: [GET] /users/me >> StatusCode:: 404, Message:: Authentication token missing
2022-07-01 16:12:28 info: [0mGET /users/me [33m404[0m 1.275 ms - 42[0m
2022-07-01 16:12:39 error: [GET] /users/me >> StatusCode:: 404, Message:: Authentication token missing
2022-07-01 16:12:39 info: [0mGET /users/me [33m404[0m 0.798 ms - 42[0m
2022-07-01 16:12:47 error: [GET] /users/me >> StatusCode:: 404, Message:: Authentication token missing
2022-07-01 16:12:47 info: [0mGET /users/me [33m404[0m 0.852 ms - 42[0m
2022-07-01 16:12:51 error: [GET] /users/me >> StatusCode:: 404, Message:: Authentication token missing
2022-07-01 16:12:51 info: [0mGET /users/me [33m404[0m 1.264 ms - 42[0m
2022-07-01 16:12:57 error: [GET] /users/me >> StatusCode:: 404, Message:: Authentication token missing
2022-07-01 16:12:57 info: [0mGET /users/me [33m404[0m 0.771 ms - 42[0m
2022-07-01 16:13:01 error: [GET] /users/me >> StatusCode:: 404, Message:: Authentication token missing
2022-07-01 16:13:01 info: [0mGET /users/me [33m404[0m 0.929 ms - 42[0m
2022-07-01 16:13:06 info: [0mOPTIONS /login [32m204[0m 0.123 ms - 0[0m
2022-07-01 16:13:06 error: [POST] /login >> StatusCode:: 409, Message:: You're password not matching
2022-07-01 16:13:06 info: [0mPOST /login [33m409[0m 59.357 ms - 42[0m
2022-07-01 16:13:09 error: [POST] /login >> StatusCode:: 400, Message:: email must be an email
2022-07-01 16:13:09 info: [0mPOST /login [33m400[0m 2.377 ms - 36[0m
2022-07-01 16:13:13 info: [0mOPTIONS /login [32m204[0m 0.198 ms - 0[0m
2022-07-01 16:13:13 error: [POST] /login >> StatusCode:: 409, Message:: You're password not matching
2022-07-01 16:13:13 info: [0mPOST /login [33m409[0m 49.316 ms - 42[0m
2022-07-01 16:13:18 info: [0mPOST /login [32m200[0m 51.970 ms - 288[0m
2022-07-01 16:13:40 info: [0mOPTIONS /login [32m204[0m 0.113 ms - 0[0m
2022-07-01 16:13:40 info: [0mPOST /login [32m200[0m 62.873 ms - 243[0m
2022-07-01 16:13:54 info: [0mGET /users/me [32m200[0m 4.011 ms - 245[0m
2022-07-01 16:17:21 info: [0mGET /users/me [36m304[0m 3.588 ms - -[0m
2022-07-01 16:17:22 info: [0mGET /users/me [36m304[0m 4.904 ms - -[0m
2022-07-01 16:19:08 info: [0mGET /users/me [36m304[0m 3.043 ms - -[0m
2022-07-01 16:19:08 info: [0mGET /users/me [36m304[0m 3.169 ms - -[0m
2022-07-01 16:19:33 info: [0mGET /users/me [36m304[0m 3.119 ms - -[0m
2022-07-01 16:19:40 info: [0mGET /users/me [36m304[0m 4.998 ms - -[0m
2022-07-01 16:19:43 error: [GET] /users/me >> StatusCode:: 404, Message:: Authentication token missing
2022-07-01 16:19:43 info: [0mGET /users/me [33m404[0m 1.123 ms - 42[0m
2022-07-01 16:19:51 error: [GET] /users/me >> StatusCode:: 404, Message:: Authentication token missing
2022-07-01 16:19:51 info: [0mGET /users/me [33m404[0m 1.559 ms - 42[0m
2022-07-01 16:19:54 error: [GET] /users/me >> StatusCode:: 404, Message:: Authentication token missing
2022-07-01 16:19:54 info: [0mGET /users/me [33m404[0m 1.627 ms - 42[0m
2022-07-01 16:20:43 info: [0mOPTIONS /login [32m204[0m 0.157 ms - 0[0m
2022-07-01 16:20:43 info: [0mPOST /login [32m200[0m 50.436 ms - 243[0m
2022-07-01 16:20:48 info: [0mPOST /login [32m200[0m 67.475 ms - 288[0m
2022-07-01 16:21:23 info: [0mGET /users/me [32m200[0m 5.964 ms - 290[0m
2022-07-01 16:21:26 info: [0mGET /users/me [36m304[0m 3.519 ms - -[0m
2022-07-01 16:21:35 error: [GET] /users/me >> StatusCode:: 404, Message:: Authentication token missing
2022-07-01 16:21:35 info: [0mGET /users/me [33m404[0m 0.904 ms - 42[0m
2022-07-01 16:21:39 info: [0mOPTIONS /login [32m204[0m 0.128 ms - 0[0m
2022-07-01 16:21:39 info: [0mPOST /login [32m200[0m 49.472 ms - 288[0m
2022-07-01 16:21:51 info: [0mOPTIONS /login [32m204[0m 0.446 ms - 0[0m
2022-07-01 16:21:51 info: [0mPOST /login [32m200[0m 57.131 ms - 243[0m
2022-07-01 16:24:01 info: [0mGET /users/me [32m200[0m 3.820 ms - 245[0m
2022-07-01 16:24:06 error: [GET] /users/me >> StatusCode:: 404, Message:: Authentication token missing
2022-07-01 16:24:06 info: [0mGET /users/me [33m404[0m 1.114 ms - 42[0m
2022-07-01 16:24:09 info: [0mOPTIONS /login [32m204[0m 0.230 ms - 0[0m
2022-07-01 16:24:09 info: [0mPOST /login [32m200[0m 50.924 ms - 288[0m
2022-07-01 16:24:20 info: [0mGET /users/me [32m200[0m 3.088 ms - 290[0m
2022-07-01 16:24:22 info: [0mGET /users/me [36m304[0m 3.951 ms - -[0m
2022-07-01 16:24:58 info: [0mGET /users/me [36m304[0m 3.068 ms - -[0m
2022-07-01 16:25:04 error: [GET] /users/me >> StatusCode:: 404, Message:: Authentication token missing
2022-07-01 16:25:04 info: [0mGET /users/me [33m404[0m 0.831 ms - 42[0m
2022-07-01 16:25:09 error: [GET] /users/me >> StatusCode:: 404, Message:: Authentication token missing
2022-07-01 16:25:09 info: [0mGET /users/me [33m404[0m 0.959 ms - 42[0m
2022-07-01 16:25:11 error: [GET] /users/me >> StatusCode:: 404, Message:: Authentication token missing
2022-07-01 16:25:11 info: [0mGET /users/me [33m404[0m 1.259 ms - 42[0m
2022-07-01 16:26:32 error: [GET] /users/me >> StatusCode:: 404, Message:: Authentication token missing
2022-07-01 16:26:32 info: [0mGET /users/me [33m404[0m 0.930 ms - 42[0m
2022-07-01 16:26:34 error: [GET] /users/me >> StatusCode:: 404, Message:: Authentication token missing
2022-07-01 16:26:34 info: [0mGET /users/me [33m404[0m 0.931 ms - 42[0m
2022-07-01 16:26:38 error: [GET] /users/me >> StatusCode:: 404, Message:: Authentication token missing
2022-07-01 16:26:38 info: [0mGET /users/me [33m404[0m 1.591 ms - 42[0m
2022-07-01 16:26:45 error: [GET] /users/me >> StatusCode:: 404, Message:: Authentication token missing
2022-07-01 16:26:45 info: [0mGET /users/me [33m404[0m 1.279 ms - 42[0m
2022-07-01 16:26:46 info: [0mOPTIONS /login [32m204[0m 0.228 ms - 0[0m
2022-07-01 16:26:46 info: [0mPOST /login [32m200[0m 51.208 ms - 243[0m
2022-07-01 16:26:50 info: [0mPOST /login [32m200[0m 51.755 ms - 288[0m
2022-07-01 16:27:15 info: [0mGET /users/me [32m200[0m 3.034 ms - 290[0m
2022-07-01 16:27:24 error: [GET] /users/me >> StatusCode:: 404, Message:: Authentication token missing
2022-07-01 16:27:24 info: [0mGET /users/me [33m404[0m 0.844 ms - 42[0m
2022-07-01 16:27:40 error: [GET] /users/me >> StatusCode:: 404, Message:: Authentication token missing
2022-07-01 16:27:40 info: [0mGET /users/me [33m404[0m 2.672 ms - 42[0m
2022-07-01 16:27:46 error: [GET] /users/me >> StatusCode:: 404, Message:: Authentication token missing
2022-07-01 16:27:46 info: [0mGET /users/me [33m404[0m 1.170 ms - 42[0m
2022-07-01 16:27:53 error: [GET] /users/me >> StatusCode:: 404, Message:: Authentication token missing
2022-07-01 16:27:53 info: [0mGET /users/me [33m404[0m 1.102 ms - 42[0m
2022-07-01 16:28:05 error: [GET] /users/me >> StatusCode:: 404, Message:: Authentication token missing
2022-07-01 16:28:05 info: [0mGET /users/me [33m404[0m 0.727 ms - 42[0m
2022-07-01 16:29:10 error: [GET] /users/me >> StatusCode:: 404, Message:: Authentication token missing
2022-07-01 16:29:10 info: [0mGET /users/me [33m404[0m 0.858 ms - 42[0m
2022-07-01 16:29:10 error: [GET] /users/me >> StatusCode:: 404, Message:: Authentication token missing
2022-07-01 16:29:10 info: [0mGET /users/me [33m404[0m 0.709 ms - 42[0m
2022-07-01 16:29:14 error: [GET] /users/me >> StatusCode:: 404, Message:: Authentication token missing
2022-07-01 16:29:14 info: [0mGET /users/me [33m404[0m 1.112 ms - 42[0m
2022-07-01 16:31:09 error: [GET] /users/me >> StatusCode:: 404, Message:: Authentication token missing
2022-07-01 16:31:09 info: [0mGET /users/me [33m404[0m 0.918 ms - 42[0m
2022-07-01 16:31:09 error: [GET] /users/me >> StatusCode:: 404, Message:: Authentication token missing
2022-07-01 16:31:09 info: [0mGET /users/me [33m404[0m 0.861 ms - 42[0m
2022-07-01 16:31:21 error: [GET] /users/me >> StatusCode:: 404, Message:: Authentication token missing
2022-07-01 16:31:21 info: [0mGET /users/me [33m404[0m 0.791 ms - 42[0m
2022-07-01 16:31:21 error: [GET] /users/me >> StatusCode:: 404, Message:: Authentication token missing
2022-07-01 16:31:21 info: [0mGET /users/me [33m404[0m 0.792 ms - 42[0m
2022-07-01 16:31:24 error: [GET] /users/me >> StatusCode:: 404, Message:: Authentication token missing
2022-07-01 16:31:24 info: [0mGET /users/me [33m404[0m 0.967 ms - 42[0m
2022-07-01 16:31:24 error: [GET] /users/me >> StatusCode:: 404, Message:: Authentication token missing
2022-07-01 16:31:24 info: [0mGET /users/me [33m404[0m 0.701 ms - 42[0m
2022-07-01 16:31:33 error: [GET] /users/me >> StatusCode:: 404, Message:: Authentication token missing
2022-07-01 16:31:33 info: [0mGET /users/me [33m404[0m 1.388 ms - 42[0m
2022-07-01 16:31:33 error: [GET] /users/me >> StatusCode:: 404, Message:: Authentication token missing
2022-07-01 16:31:33 info: [0mGET /users/me [33m404[0m 0.773 ms - 42[0m
2022-07-01 16:31:36 error: [GET] /users/me >> StatusCode:: 404, Message:: Authentication token missing
2022-07-01 16:31:36 info: [0mGET /users/me [33m404[0m 1.024 ms - 42[0m
2022-07-01 16:31:36 error: [GET] /users/me >> StatusCode:: 404, Message:: Authentication token missing
2022-07-01 16:31:36 info: [0mGET /users/me [33m404[0m 2.181 ms - 42[0m
2022-07-01 16:31:38 error: [GET] /users/me >> StatusCode:: 404, Message:: Authentication token missing
2022-07-01 16:31:38 info: [0mGET /users/me [33m404[0m 1.591 ms - 42[0m
2022-07-01 16:31:38 error: [GET] /users/me >> StatusCode:: 404, Message:: Authentication token missing
2022-07-01 16:31:38 info: [0mGET /users/me [33m404[0m 0.975 ms - 42[0m
2022-07-01 16:32:11 error: [GET] /users/me >> StatusCode:: 404, Message:: Authentication token missing
2022-07-01 16:32:11 info: [0mGET /users/me [33m404[0m 0.796 ms - 42[0m
2022-07-01 16:32:11 error: [GET] /users/me >> StatusCode:: 404, Message:: Authentication token missing
2022-07-01 16:32:11 info: [0mGET /users/me [33m404[0m 1.094 ms - 42[0m
2022-07-01 16:32:25 error: [GET] /users/me >> StatusCode:: 404, Message:: Authentication token missing
2022-07-01 16:32:25 info: [0mGET /users/me [33m404[0m 1.346 ms - 42[0m
2022-07-01 16:32:25 error: [GET] /users/me >> StatusCode:: 404, Message:: Authentication token missing
2022-07-01 16:32:25 info: [0mGET /users/me [33m404[0m 1.464 ms - 42[0m
2022-07-01 16:33:06 error: [GET] /users/me >> StatusCode:: 404, Message:: Authentication token missing
2022-07-01 16:33:06 info: [0mGET /users/me [33m404[0m 1.224 ms - 42[0m
2022-07-01 16:33:06 error: [GET] /users/me >> StatusCode:: 404, Message:: Authentication token missing
2022-07-01 16:33:06 info: [0mGET /users/me [33m404[0m 0.719 ms - 42[0m
2022-07-01 16:33:12 error: [GET] /users/me >> StatusCode:: 404, Message:: Authentication token missing
2022-07-01 16:33:12 info: [0mGET /users/me [33m404[0m 0.910 ms - 42[0m
2022-07-01 16:33:12 error: [GET] /users/me >> StatusCode:: 404, Message:: Authentication token missing
2022-07-01 16:33:12 info: [0mGET /users/me [33m404[0m 1.100 ms - 42[0m
2022-07-01 16:34:12 error: [GET] /users/me >> StatusCode:: 404, Message:: Authentication token missing
2022-07-01 16:34:12 info: [0mGET /users/me [33m404[0m 0.852 ms - 42[0m
2022-07-01 16:34:12 error: [GET] /users/me >> StatusCode:: 404, Message:: Authentication token missing
2022-07-01 16:34:12 info: [0mGET /users/me [33m404[0m 0.630 ms - 42[0m
2022-07-01 16:34:23 error: [GET] /users/me >> StatusCode:: 404, Message:: Authentication token missing
2022-07-01 16:34:23 info: [0mGET /users/me [33m404[0m 1.144 ms - 42[0m
2022-07-01 16:34:23 error: [GET] /users/me >> StatusCode:: 404, Message:: Authentication token missing
2022-07-01 16:34:23 info: [0mGET /users/me [33m404[0m 1.377 ms - 42[0m
2022-07-01 16:34:33 error: [GET] /users/me >> StatusCode:: 404, Message:: Authentication token missing
2022-07-01 16:34:33 info: [0mGET /users/me [33m404[0m 1.948 ms - 42[0m
2022-07-01 16:34:33 error: [GET] /users/me >> StatusCode:: 404, Message:: Authentication token missing
2022-07-01 16:34:33 info: [0mGET /users/me [33m404[0m 1.068 ms - 42[0m
2022-07-01 16:34:35 error: [GET] /users/me >> StatusCode:: 404, Message:: Authentication token missing
2022-07-01 16:34:35 info: [0mGET /users/me [33m404[0m 1.215 ms - 42[0m
2022-07-01 16:34:35 error: [GET] /users/me >> StatusCode:: 404, Message:: Authentication token missing
2022-07-01 16:34:35 info: [0mGET /users/me [33m404[0m 0.962 ms - 42[0m
2022-07-01 16:34:37 error: [GET] /users/me >> StatusCode:: 404, Message:: Authentication token missing
2022-07-01 16:34:37 info: [0mGET /users/me [33m404[0m 1.229 ms - 42[0m
2022-07-01 16:34:37 error: [GET] /users/me >> StatusCode:: 404, Message:: Authentication token missing
2022-07-01 16:34:37 info: [0mGET /users/me [33m404[0m 0.817 ms - 42[0m
2022-07-01 16:34:46 error: [GET] /users/me >> StatusCode:: 404, Message:: Authentication token missing
2022-07-01 16:34:46 info: [0mGET /users/me [33m404[0m 0.941 ms - 42[0m
2022-07-01 16:34:46 error: [GET] /users/me >> StatusCode:: 404, Message:: Authentication token missing
2022-07-01 16:34:46 info: [0mGET /users/me [33m404[0m 0.855 ms - 42[0m
2022-07-01 16:35:14 error: [GET] /users/me >> StatusCode:: 404, Message:: Authentication token missing
2022-07-01 16:35:14 info: [0mGET /users/me [33m404[0m 0.880 ms - 42[0m
2022-07-01 16:35:14 error: [GET] /users/me >> StatusCode:: 404, Message:: Authentication token missing
2022-07-01 16:35:14 info: [0mGET /users/me [33m404[0m 1.177 ms - 42[0m
2022-07-01 16:35:15 error: [GET] /users/me >> StatusCode:: 404, Message:: Authentication token missing
2022-07-01 16:35:15 info: [0mGET /users/me [33m404[0m 1.146 ms - 42[0m
2022-07-01 16:35:15 error: [GET] /users/me >> StatusCode:: 404, Message:: Authentication token missing
2022-07-01 16:35:15 info: [0mGET /users/me [33m404[0m 0.842 ms - 42[0m
2022-07-01 16:35:28 error: [GET] /users/me >> StatusCode:: 404, Message:: Authentication token missing
2022-07-01 16:35:28 info: [0mGET /users/me [33m404[0m 1.277 ms - 42[0m
2022-07-01 16:35:32 error: [GET] /users/me >> StatusCode:: 404, Message:: Authentication token missing
2022-07-01 16:35:32 info: [0mGET /users/me [33m404[0m 1.517 ms - 42[0m
2022-07-01 16:35:48 error: [GET] /users/me >> StatusCode:: 404, Message:: Authentication token missing
2022-07-01 16:35:48 info: [0mGET /users/me [33m404[0m 1.132 ms - 42[0m
2022-07-01 16:35:50 error: [GET] /users/me >> StatusCode:: 404, Message:: Authentication token missing
2022-07-01 16:35:50 info: [0mGET /users/me [33m404[0m 1.045 ms - 42[0m
2022-07-01 16:35:59 error: [GET] /users/me >> StatusCode:: 404, Message:: Authentication token missing
2022-07-01 16:35:59 info: [0mGET /users/me [33m404[0m 1.077 ms - 42[0m
2022-07-01 16:36:05 error: [GET] /users/me >> StatusCode:: 404, Message:: Authentication token missing
2022-07-01 16:36:05 info: [0mGET /users/me [33m404[0m 0.998 ms - 42[0m
2022-07-01 16:36:15 info: [0mOPTIONS /login [32m204[0m 0.134 ms - 0[0m
2022-07-01 16:36:15 info: [0mPOST /login [32m200[0m 62.157 ms - 288[0m
2022-07-01 16:36:18 info: [0mGET /users/me [32m200[0m 2.568 ms - 290[0m
2022-07-01 16:36:18 info: [0mGET /users/me [36m304[0m 2.807 ms - -[0m
2022-07-01 16:36:21 error: [GET] /users/me >> StatusCode:: 404, Message:: Authentication token missing
2022-07-01 16:36:21 info: [0mGET /users/me [33m404[0m 1.332 ms - 42[0m
2022-07-01 16:36:24 info: [0mOPTIONS /login [32m204[0m 0.139 ms - 0[0m
2022-07-01 16:36:24 info: [0mPOST /login [32m200[0m 50.867 ms - 288[0m
2022-07-01 16:36:26 info: [0mGET /users/me [32m200[0m 3.907 ms - 290[0m
2022-07-01 16:36:38 info: [0mGET /users/me [36m304[0m 3.768 ms - -[0m
2022-07-01 16:36:46 error: [GET] /users/me >> StatusCode:: 404, Message:: Authentication token missing
2022-07-01 16:36:46 info: [0mGET /users/me [33m404[0m 0.939 ms - 42[0m
2022-07-01 16:37:05 error: [GET] /users/me >> StatusCode:: 404, Message:: Authentication token missing
2022-07-01 16:37:05 info: [0mGET /users/me [33m404[0m 0.929 ms - 42[0m
2022-07-01 16:38:24 error: [GET] /users/me >> StatusCode:: 404, Message:: Authentication token missing
2022-07-01 16:38:24 info: [0mGET /users/me [33m404[0m 0.919 ms - 42[0m
2022-07-01 16:40:04 info: [0mOPTIONS /login [32m204[0m 0.171 ms - 0[0m
2022-07-01 16:40:04 info: [0mPOST /login [32m200[0m 49.815 ms - 243[0m
2022-07-01 16:40:09 error: [GET] /users/me >> StatusCode:: 404, Message:: Authentication token missing
2022-07-01 16:40:09 info: [0mGET /users/me [33m404[0m 1.645 ms - 42[0m
2022-07-01 16:43:14 error: [GET] /users/me >> StatusCode:: 404, Message:: Authentication token missing
2022-07-01 16:43:14 info: [0mGET /users/me [33m404[0m 0.941 ms - 42[0m
2022-07-01 16:48:06 error: [GET] /users/me >> StatusCode:: 404, Message:: Authentication token missing
2022-07-01 16:48:06 info: [0mGET /users/me [33m404[0m 1.503 ms - 42[0m
2022-07-01 16:50:42 error: [GET] /users/me >> StatusCode:: 404, Message:: Authentication token missing
2022-07-01 16:50:42 info: [0mGET /users/me [33m404[0m 0.919 ms - 42[0m
2022-07-01 16:51:38 error: [GET] /users/me >> StatusCode:: 404, Message:: Authentication token missing
2022-07-01 16:51:38 info: [0mGET /users/me [33m404[0m 0.848 ms - 42[0m
2022-07-01 16:53:20 error: [GET] /users/me >> StatusCode:: 404, Message:: Authentication token missing
2022-07-01 16:53:20 info: [0mGET /users/me [33m404[0m 0.847 ms - 42[0m
2022-07-01 17:01:28 info: [0mOPTIONS /login [32m204[0m 0.220 ms - 0[0m
2022-07-01 17:01:28 info: [0mPOST /login [32m200[0m 74.045 ms - 288[0m
2022-07-01 17:06:08 info: [0mGET /users/me [32m200[0m 3.371 ms - 290[0m
2022-07-01 17:07:28 info: [0mGET /users/me [36m304[0m 3.464 ms - -[0m
2022-07-01 17:22:28 info: [0mGET /users/me [36m304[0m 3.118 ms - -[0m
2022-07-01 17:24:37 info: [0mGET /users/me [36m304[0m 3.003 ms - -[0m
2022-07-01 17:32:45 info: [0mGET /users/me [36m304[0m 4.612 ms - -[0m
2022-07-01 17:32:48 info: [0mGET /users/me [36m304[0m 3.811 ms - -[0m
2022-07-01 17:32:50 info: [0mGET /users/me [36m304[0m 3.336 ms - -[0m
2022-07-01 17:33:52 info: [0mGET /users/me [36m304[0m 2.875 ms - -[0m
2022-07-01 17:34:18 info: [0mGET /users/me [36m304[0m 3.074 ms - -[0m
2022-07-01 17:34:19 info: [0mGET /users/me [36m304[0m 4.326 ms - -[0m
2022-07-01 17:34:49 info: [0mGET /users/me [36m304[0m 4.716 ms - -[0m
2022-07-01 17:34:58 info: [0mGET /users/me [36m304[0m 3.223 ms - -[0m
2022-07-01 17:35:10 info: [0mGET /users/me [36m304[0m 2.804 ms - -[0m
2022-07-01 17:35:14 info: [0mGET /users/me [36m304[0m 2.687 ms - -[0m
2022-07-01 17:35:15 info: [0mGET /users/me [36m304[0m 3.667 ms - -[0m
2022-07-01 17:35:20 info: [0mGET /users/me [36m304[0m 3.351 ms - -[0m
2022-07-01 17:36:20 info: [0mGET /users/me [36m304[0m 3.954 ms - -[0m
2022-07-01 17:36:22 info: [0mGET /users/me [36m304[0m 3.496 ms - -[0m
2022-07-01 17:38:04 info: [0mGET /users/me [36m304[0m 1.859 ms - -[0m
2022-07-01 17:38:19 info: [0mGET /users/me [36m304[0m 3.833 ms - -[0m
2022-07-01 17:38:27 info: [0mGET /users/me [36m304[0m 3.913 ms - -[0m
2022-07-01 17:38:29 info: [0mGET /users/me [36m304[0m 2.501 ms - -[0m
2022-07-01 17:38:36 info: [0mGET /users/me [36m304[0m 3.938 ms - -[0m
2022-07-01 17:41:19 info: [0mGET /users/me [36m304[0m 3.642 ms - -[0m
2022-07-01 17:41:23 info: [0mGET /users/me [36m304[0m 3.764 ms - -[0m
2022-07-01 17:41:48 error: [GET] /users/me >> StatusCode:: 404, Message:: Authentication token missing
2022-07-01 17:41:48 info: [0mGET /users/me [33m404[0m 1.039 ms - 42[0m
2022-07-01 17:41:55 info: [0mOPTIONS /login [32m204[0m 0.115 ms - 0[0m
2022-07-01 17:41:55 info: [0mPOST /login [32m200[0m 57.140 ms - 288[0m
